Arguments: 
  /Users/geru/.nvm/versions/node/v16.16.0/bin/node /Users/geru/.nvm/versions/node/v16.16.0/bin/yarn dev

PATH: 
  /Users/geru/Library/pnpm:/Users/geru/.nvm/versions/node/v16.16.0/bin:/opt/homebrew/bin:/usr/local/bin:/System/Cryptexes/App/usr/bin:/usr/bin:/bin:/usr/sbin:/sbin:/Library/Apple/usr/bin:/Users/geru/Library/pnpm:/Users/geru/.nvm/versions/node/v16.16.0/bin:/opt/homebrew/bin

Yarn version: 
  1.22.19

Node version: 
  16.16.0

Platform: 
  darwin arm64

Trace: 
  SyntaxError: /Users/geru/work/personal/dme-map-finder/package.json: Unexpected token } in JSON at position 300
      at JSON.parse (<anonymous>)
      at /Users/geru/.nvm/versions/node/v16.16.0/lib/node_modules/yarn/lib/cli.js:1629:59
      at Generator.next (<anonymous>)
      at step (/Users/geru/.nvm/versions/node/v16.16.0/lib/node_modules/yarn/lib/cli.js:310:30)
      at /Users/geru/.nvm/versions/node/v16.16.0/lib/node_modules/yarn/lib/cli.js:321:13

npm manifest: 
  {
    "name": "map-finder",
    "version": "0.0.0",
    "scripts": {
      "dev": "vite",
      "lint": "vue-tsc --noEmit",
      "build": "vite build",
      "serve": "vite preview"
    },
    "dependencies": {
      "@heroicons/vue": "^1.0.5",
      "pinia": "^2.0.21",
      "tailwind": "^4.0.0",
      "vue": "^3.2.38",
    },
    "devDependencies": {
      "@typescript-eslint/eslint-plugin": "^5.36.2",
      "@vitejs/plugin-vue": "^3.1.0",
      "@vue/eslint-config-typescript": "^11.0.0",
      "autoprefixer": "^10.3.7",
      "eslint": "^8.23.0",
      "eslint-config-prettier": "^8.5.0",
      "eslint-plugin-prettier": "^4.2.1",
      "eslint-plugin-vue": "^9.4.0",
      "postcss": "^8.3.11",
      "prettier": "^2.7.1",
      "tailwindcss": "^2.2.17",
      "typescript": "^4.4.3",
      "vite": "^3.1.0",
      "vue-tsc": "^0.3.0"
    }
  }

yarn manifest: 
  No manifest

Lockfile: 
  No lockfile
